Analysis & Synthesis report for BoothMultiplier
Sat Apr 16 01:31:18 2022
Quartus Prime Version 20.1.1 Build 720 11/11/2020 SJ Lite Edition


---------------------
; Table of Contents ;
---------------------
  1. Legal Notice
  2. Analysis & Synthesis Summary
  3. Analysis & Synthesis Settings
  4. Parallel Compilation
  5. Analysis & Synthesis Source Files Read
  6. Analysis & Synthesis Resource Usage Summary
  7. Analysis & Synthesis Resource Utilization by Entity
  8. User-Specified and Inferred Latches
  9. Registers Removed During Synthesis
 10. General Register Statistics
 11. Multiplexer Restructuring Statistics (Restructuring Performed)
 12. Analysis & Synthesis Messages



----------------
; Legal Notice ;
----------------
Copyright (C) 2020  Intel Corporation. All rights reserved.
Your use of Intel Corporation's design tools, logic functions 
and other software and tools, and any partner logic 
functions, and any output files from any of the foregoing 
(including device programming or simulation files), and any 
associated documentation or information are expressly subject 
to the terms and conditions of the Intel Program License 
Subscription Agreement, the Intel Quartus Prime License Agreement,
the Intel FPGA IP License Agreement, or other applicable license
agreement, including, without limitation, that your use is for
the sole purpose of programming logic devices manufactured by
Intel and sold by Intel or its authorized distributors.  Please
refer to the applicable agreement for further details, at
https://fpgasoftware.intel.com/eula.



+---------------------------------------------------------------------------+
; Analysis & Synthesis Summary                                              ;
+-----------------------------+---------------------------------------------+
; Analysis & Synthesis Status ; Successful - Sat Apr 16 01:31:18 2022       ;
; Quartus Prime Version       ; 20.1.1 Build 720 11/11/2020 SJ Lite Edition ;
; Revision Name               ; BoothMultiplier                             ;
; Top-level Entity Name       ; BoothMultiplier                             ;
; Family                      ; MAX V                                       ;
; Total logic elements        ; 46                                          ;
; Total pins                  ; 18                                          ;
; Total virtual pins          ; 0                                           ;
; UFM blocks                  ; 0 / 1 ( 0 % )                               ;
+-----------------------------+---------------------------------------------+


+------------------------------------------------------------------------------------------------------------+
; Analysis & Synthesis Settings                                                                              ;
+------------------------------------------------------------------+--------------------+--------------------+
; Option                                                           ; Setting            ; Default Value      ;
+------------------------------------------------------------------+--------------------+--------------------+
; Top-level entity name                                            ; BoothMultiplier    ; BoothMultiplier    ;
; Family name                                                      ; MAX V              ; Cyclone V          ;
; Use smart compilation                                            ; Off                ; Off                ;
; Enable parallel Assembler and Timing Analyzer during compilation ; On                 ; On                 ;
; Enable compact report table                                      ; Off                ; Off                ;
; Restructure Multiplexers                                         ; Auto               ; Auto               ;
; Create Debugging Nodes for IP Cores                              ; Off                ; Off                ;
; Preserve fewer node names                                        ; On                 ; On                 ;
; Intel FPGA IP Evaluation Mode                                    ; Enable             ; Enable             ;
; Verilog Version                                                  ; Verilog_2001       ; Verilog_2001       ;
; VHDL Version                                                     ; VHDL_1993          ; VHDL_1993          ;
; State Machine Processing                                         ; Auto               ; Auto               ;
; Safe State Machine                                               ; Off                ; Off                ;
; Extract Verilog State Machines                                   ; On                 ; On                 ;
; Extract VHDL State Machines                                      ; On                 ; On                 ;
; Ignore Verilog initial constructs                                ; Off                ; Off                ;
; Iteration limit for constant Verilog loops                       ; 5000               ; 5000               ;
; Iteration limit for non-constant Verilog loops                   ; 250                ; 250                ;
; Add Pass-Through Logic to Inferred RAMs                          ; On                 ; On                 ;
; Infer RAMs from Raw Logic                                        ; On                 ; On                 ;
; Parallel Synthesis                                               ; On                 ; On                 ;
; NOT Gate Push-Back                                               ; On                 ; On                 ;
; Power-Up Don't Care                                              ; On                 ; On                 ;
; Remove Redundant Logic Cells                                     ; Off                ; Off                ;
; Remove Duplicate Registers                                       ; On                 ; On                 ;
; Ignore CARRY Buffers                                             ; Off                ; Off                ;
; Ignore CASCADE Buffers                                           ; Off                ; Off                ;
; Ignore GLOBAL Buffers                                            ; Off                ; Off                ;
; Ignore ROW GLOBAL Buffers                                        ; Off                ; Off                ;
; Ignore LCELL Buffers                                             ; Off                ; Off                ;
; Ignore SOFT Buffers                                              ; On                 ; On                 ;
; Limit AHDL Integers to 32 Bits                                   ; Off                ; Off                ;
; Optimization Technique                                           ; Balanced           ; Balanced           ;
; Carry Chain Length                                               ; 70                 ; 70                 ;
; Auto Carry Chains                                                ; On                 ; On                 ;
; Auto Open-Drain Pins                                             ; On                 ; On                 ;
; Perform WYSIWYG Primitive Resynthesis                            ; Off                ; Off                ;
; Auto Shift Register Replacement                                  ; Auto               ; Auto               ;
; Allow Shift Register Merging across Hierarchies                  ; Auto               ; Auto               ;
; Auto Clock Enable Replacement                                    ; On                 ; On                 ;
; Allow Synchronous Control Signals                                ; On                 ; On                 ;
; Force Use of Synchronous Clear Signals                           ; Off                ; Off                ;
; Auto Resource Sharing                                            ; Off                ; Off                ;
; Use LogicLock Constraints during Resource Balancing              ; On                 ; On                 ;
; Ignore translate_off and synthesis_off directives                ; Off                ; Off                ;
; Report Parameter Settings                                        ; On                 ; On                 ;
; Report Source Assignments                                        ; On                 ; On                 ;
; Report Connectivity Checks                                       ; On                 ; On                 ;
; Ignore Maximum Fan-Out Assignments                               ; Off                ; Off                ;
; Synchronization Register Chain Length                            ; 2                  ; 2                  ;
; Power Optimization During Synthesis                              ; Normal compilation ; Normal compilation ;
; HDL message level                                                ; Level2             ; Level2             ;
; Suppress Register Optimization Related Messages                  ; Off                ; Off                ;
; Number of Removed Registers Reported in Synthesis Report         ; 5000               ; 5000               ;
; Number of Swept Nodes Reported in Synthesis Report               ; 5000               ; 5000               ;
; Number of Inverted Registers Reported in Synthesis Report        ; 100                ; 100                ;
; Clock MUX Protection                                             ; On                 ; On                 ;
; Block Design Naming                                              ; Auto               ; Auto               ;
; Synthesis Effort                                                 ; Auto               ; Auto               ;
; Shift Register Replacement - Allow Asynchronous Clear Signal     ; On                 ; On                 ;
; Analysis & Synthesis Message Level                               ; Medium             ; Medium             ;
; Disable Register Merging Across Hierarchies                      ; Auto               ; Auto               ;
+------------------------------------------------------------------+--------------------+--------------------+


+------------------------------------------+
; Parallel Compilation                     ;
+----------------------------+-------------+
; Processors                 ; Number      ;
+----------------------------+-------------+
; Number detected on machine ; 8           ;
; Maximum allowed            ; 4           ;
;                            ;             ;
; Average used               ; 1.00        ;
; Maximum used               ; 1           ;
;                            ;             ;
; Usage by Processor         ; % Time Used ;
;     Processor 1            ; 100.0%      ;
+----------------------------+-------------+


+-----------------------------------------------------------------------------------------------------------------------------------------------------------+
; Analysis & Synthesis Source Files Read                                                                                                                    ;
+----------------------------------+-----------------+-----------------+--------------------------------------------------------------------------+---------+
; File Name with User-Entered Path ; Used in Netlist ; File Type       ; File Name with Absolute Path                                             ; Library ;
+----------------------------------+-----------------+-----------------+--------------------------------------------------------------------------+---------+
; BoothMultiplier.vhd              ; yes             ; User VHDL File  ; /home/chetan/Desktop/Semester4/CS232DLDCALab/lab5/q2/BoothMultiplier.vhd ;         ;
+----------------------------------+-----------------+-----------------+--------------------------------------------------------------------------+---------+


+-----------------------------------------------------+
; Analysis & Synthesis Resource Usage Summary         ;
+---------------------------------------------+-------+
; Resource                                    ; Usage ;
+---------------------------------------------+-------+
; Total logic elements                        ; 46    ;
;     -- Combinational with no register       ; 33    ;
;     -- Register only                        ; 0     ;
;     -- Combinational with a register        ; 13    ;
;                                             ;       ;
; Logic element usage by number of LUT inputs ;       ;
;     -- 4 input functions                    ; 14    ;
;     -- 3 input functions                    ; 14    ;
;     -- 2 input functions                    ; 6     ;
;     -- 1 input functions                    ; 0     ;
;     -- 0 input functions                    ; 12    ;
;                                             ;       ;
; Logic elements by mode                      ;       ;
;     -- normal mode                          ; 41    ;
;     -- arithmetic mode                      ; 5     ;
;     -- qfbk mode                            ; 0     ;
;     -- register cascade mode                ; 0     ;
;     -- synchronous clear/load mode          ; 0     ;
;     -- asynchronous clear/load mode         ; 12    ;
;                                             ;       ;
; Total registers                             ; 13    ;
; Total logic cells in carry chains           ; 6     ;
; I/O pins                                    ; 18    ;
; Maximum fan-out node                        ; state ;
; Maximum fan-out                             ; 21    ;
; Total fan-out                               ; 167   ;
; Average fan-out                             ; 2.61  ;
+---------------------------------------------+-------+


+----------------------------------------------------------------------------------------------------------------------------------------------------------------------------------------------------------------------------------------+
; Analysis & Synthesis Resource Utilization by Entity                                                                                                                                                                                    ;
+----------------------------+-------------+--------------+------------+------+--------------+--------------+-------------------+------------------+-----------------+------------+---------------------+-----------------+--------------+
; Compilation Hierarchy Node ; Logic Cells ; LC Registers ; UFM Blocks ; Pins ; Virtual Pins ; LUT-Only LCs ; Register-Only LCs ; LUT/Register LCs ; Carry Chain LCs ; Packed LCs ; Full Hierarchy Name ; Entity Name     ; Library Name ;
+----------------------------+-------------+--------------+------------+------+--------------+--------------+-------------------+------------------+-----------------+------------+---------------------+-----------------+--------------+
; |BoothMultiplier           ; 46 (46)     ; 13           ; 0          ; 18   ; 0            ; 33 (33)      ; 0 (0)             ; 13 (13)          ; 6 (6)           ; 0 (0)      ; |BoothMultiplier    ; BoothMultiplier ; work         ;
+----------------------------+-------------+--------------+------------+------+--------------+--------------+-------------------+------------------+-----------------+------------+---------------------+-----------------+--------------+
Note: For table entries with two numbers listed, the numbers in parentheses indicate the number of resources of the given type used by the specific entity alone. The numbers listed outside of parentheses indicate the total resources of the given type used by the specific entity and all of its sub-entities in the hierarchy.


+---------------------------------------------------------------------------------------------------+
; User-Specified and Inferred Latches                                                               ;
+----------------------------------------------------+---------------------+------------------------+
; Latch Name                                         ; Latch Enable Signal ; Free of Timing Hazards ;
+----------------------------------------------------+---------------------+------------------------+
; result[0]$latch                                    ; state               ; yes                    ;
; result[1]$latch                                    ; state               ; yes                    ;
; result[2]$latch                                    ; state               ; yes                    ;
; result[3]$latch                                    ; state               ; yes                    ;
; result[4]$latch                                    ; state               ; yes                    ;
; result[5]$latch                                    ; state               ; yes                    ;
; result[6]$latch                                    ; state               ; yes                    ;
; result[7]$latch                                    ; state               ; yes                    ;
; Number of user-specified and inferred latches = 8  ;                     ;                        ;
+----------------------------------------------------+---------------------+------------------------+
Note: All latches listed above may not be present at the end of synthesis due to various synthesis optimizations.


+--------------------------------------------------------------------------------+
; Registers Removed During Synthesis                                             ;
+---------------------------------------+----------------------------------------+
; Register name                         ; Reason for Removal                     ;
+---------------------------------------+----------------------------------------+
; P1P0[6]                               ; Merged with P1P0[7]                    ;
; P1P0[7]                               ; Stuck at GND due to stuck port data_in ;
; Total Number of Removed Registers = 2 ;                                        ;
+---------------------------------------+----------------------------------------+


+------------------------------------------------------+
; General Register Statistics                          ;
+----------------------------------------------+-------+
; Statistic                                    ; Value ;
+----------------------------------------------+-------+
; Total registers                              ; 13    ;
; Number of registers using Synchronous Clear  ; 0     ;
; Number of registers using Synchronous Load   ; 0     ;
; Number of registers using Asynchronous Clear ; 0     ;
; Number of registers using Asynchronous Load  ; 12    ;
; Number of registers using Clock Enable       ; 12    ;
; Number of registers using Preset             ; 0     ;
+----------------------------------------------+-------+


+------------------------------------------------------------------------------------------------------------------------------------------+
; Multiplexer Restructuring Statistics (Restructuring Performed)                                                                           ;
+--------------------+-----------+---------------+----------------------+------------------------+------------+----------------------------+
; Multiplexer Inputs ; Bus Width ; Baseline Area ; Area if Restructured ; Saving if Restructured ; Registered ; Example Multiplexer Output ;
+--------------------+-----------+---------------+----------------------+------------------------+------------+----------------------------+
; 4:1                ; 3 bits    ; 6 LEs         ; 6 LEs                ; 0 LEs                  ; No         ; |BoothMultiplier|P1P0      ;
; 4:1                ; 3 bits    ; 6 LEs         ; 6 LEs                ; 0 LEs                  ; No         ; |BoothMultiplier|P3P2      ;
+--------------------+-----------+---------------+----------------------+------------------------+------------+----------------------------+


+-------------------------------+
; Analysis & Synthesis Messages ;
+-------------------------------+
Info: *******************************************************************
Info: Running Quartus Prime Analysis & Synthesis
    Info: Version 20.1.1 Build 720 11/11/2020 SJ Lite Edition
    Info: Processing started: Sat Apr 16 01:31:12 2022
Info: Command: quartus_map --read_settings_files=on --write_settings_files=off BoothMultiplier -c BoothMultiplier
Warning (18236): Number of processors has not been specified which may cause overloading on shared machines.  Set the global assignment NUM_PARALLEL_PROCESSORS in your QSF to an appropriate value for best performance.
Info (20030): Parallel compilation is enabled and will use 4 of the 4 processors detected
Info (12021): Found 2 design units, including 1 entities, in source file BoothMultiplier.vhd
    Info (12022): Found design unit 1: BoothMultiplier-boothmultiplier File: /home/chetan/Desktop/Semester4/CS232DLDCALab/lab5/q2/BoothMultiplier.vhd Line: 11
    Info (12023): Found entity 1: BoothMultiplier File: /home/chetan/Desktop/Semester4/CS232DLDCALab/lab5/q2/BoothMultiplier.vhd Line: 5
Info (12127): Elaborating entity "BoothMultiplier" for the top level hierarchy
Warning (10492): VHDL Process Statement warning at BoothMultiplier.vhd(29): signal "state" is read inside the Process Statement but isn't in the Process Statement's sensitivity list File: /home/chetan/Desktop/Semester4/CS232DLDCALab/lab5/q2/BoothMultiplier.vhd Line: 29
Warning (10492): VHDL Process Statement warning at BoothMultiplier.vhd(30): signal "b" is read inside the Process Statement but isn't in the Process Statement's sensitivity list File: /home/chetan/Desktop/Semester4/CS232DLDCALab/lab5/q2/BoothMultiplier.vhd Line: 30
Warning (10492): VHDL Process Statement warning at BoothMultiplier.vhd(32): signal "b" is read inside the Process Statement but isn't in the Process Statement's sensitivity list File: /home/chetan/Desktop/Semester4/CS232DLDCALab/lab5/q2/BoothMultiplier.vhd Line: 32
Warning (10492): VHDL Process Statement warning at BoothMultiplier.vhd(33): signal "a" is read inside the Process Statement but isn't in the Process Statement's sensitivity list File: /home/chetan/Desktop/Semester4/CS232DLDCALab/lab5/q2/BoothMultiplier.vhd Line: 33
Warning (10492): VHDL Process Statement warning at BoothMultiplier.vhd(34): signal "b" is read inside the Process Statement but isn't in the Process Statement's sensitivity list File: /home/chetan/Desktop/Semester4/CS232DLDCALab/lab5/q2/BoothMultiplier.vhd Line: 34
Warning (10492): VHDL Process Statement warning at BoothMultiplier.vhd(35): signal "a" is read inside the Process Statement but isn't in the Process Statement's sensitivity list File: /home/chetan/Desktop/Semester4/CS232DLDCALab/lab5/q2/BoothMultiplier.vhd Line: 35
Warning (10492): VHDL Process Statement warning at BoothMultiplier.vhd(37): signal "a" is read inside the Process Statement but isn't in the Process Statement's sensitivity list File: /home/chetan/Desktop/Semester4/CS232DLDCALab/lab5/q2/BoothMultiplier.vhd Line: 37
Warning (10492): VHDL Process Statement warning at BoothMultiplier.vhd(40): signal "b" is read inside the Process Statement but isn't in the Process Statement's sensitivity list File: /home/chetan/Desktop/Semester4/CS232DLDCALab/lab5/q2/BoothMultiplier.vhd Line: 40
Warning (10492): VHDL Process Statement warning at BoothMultiplier.vhd(42): signal "b" is read inside the Process Statement but isn't in the Process Statement's sensitivity list File: /home/chetan/Desktop/Semester4/CS232DLDCALab/lab5/q2/BoothMultiplier.vhd Line: 42
Warning (10492): VHDL Process Statement warning at BoothMultiplier.vhd(43): signal "a" is read inside the Process Statement but isn't in the Process Statement's sensitivity list File: /home/chetan/Desktop/Semester4/CS232DLDCALab/lab5/q2/BoothMultiplier.vhd Line: 43
Warning (10492): VHDL Process Statement warning at BoothMultiplier.vhd(44): signal "b" is read inside the Process Statement but isn't in the Process Statement's sensitivity list File: /home/chetan/Desktop/Semester4/CS232DLDCALab/lab5/q2/BoothMultiplier.vhd Line: 44
Warning (10492): VHDL Process Statement warning at BoothMultiplier.vhd(45): signal "a" is read inside the Process Statement but isn't in the Process Statement's sensitivity list File: /home/chetan/Desktop/Semester4/CS232DLDCALab/lab5/q2/BoothMultiplier.vhd Line: 45
Warning (10492): VHDL Process Statement warning at BoothMultiplier.vhd(47): signal "a" is read inside the Process Statement but isn't in the Process Statement's sensitivity list File: /home/chetan/Desktop/Semester4/CS232DLDCALab/lab5/q2/BoothMultiplier.vhd Line: 47
Warning (10492): VHDL Process Statement warning at BoothMultiplier.vhd(52): signal "P3P2" is read inside the Process Statement but isn't in the Process Statement's sensitivity list File: /home/chetan/Desktop/Semester4/CS232DLDCALab/lab5/q2/BoothMultiplier.vhd Line: 52
Warning (10492): VHDL Process Statement warning at BoothMultiplier.vhd(52): signal "P1P0" is read inside the Process Statement but isn't in the Process Statement's sensitivity list File: /home/chetan/Desktop/Semester4/CS232DLDCALab/lab5/q2/BoothMultiplier.vhd Line: 52
Warning (10492): VHDL Process Statement warning at BoothMultiplier.vhd(55): signal "state" is read inside the Process Statement but isn't in the Process Statement's sensitivity list File: /home/chetan/Desktop/Semester4/CS232DLDCALab/lab5/q2/BoothMultiplier.vhd Line: 55
Warning (10631): VHDL Process Statement warning at BoothMultiplier.vhd(18): inferring latch(es) for signal or variable "result", which holds its previous value in one or more paths through the process File: /home/chetan/Desktop/Semester4/CS232DLDCALab/lab5/q2/BoothMultiplier.vhd Line: 18
Info (10041): Inferred latch for "result[0]" at BoothMultiplier.vhd(18) File: /home/chetan/Desktop/Semester4/CS232DLDCALab/lab5/q2/BoothMultiplier.vhd Line: 18
Info (10041): Inferred latch for "result[1]" at BoothMultiplier.vhd(18) File: /home/chetan/Desktop/Semester4/CS232DLDCALab/lab5/q2/BoothMultiplier.vhd Line: 18
Info (10041): Inferred latch for "result[2]" at BoothMultiplier.vhd(18) File: /home/chetan/Desktop/Semester4/CS232DLDCALab/lab5/q2/BoothMultiplier.vhd Line: 18
Info (10041): Inferred latch for "result[3]" at BoothMultiplier.vhd(18) File: /home/chetan/Desktop/Semester4/CS232DLDCALab/lab5/q2/BoothMultiplier.vhd Line: 18
Info (10041): Inferred latch for "result[4]" at BoothMultiplier.vhd(18) File: /home/chetan/Desktop/Semester4/CS232DLDCALab/lab5/q2/BoothMultiplier.vhd Line: 18
Info (10041): Inferred latch for "result[5]" at BoothMultiplier.vhd(18) File: /home/chetan/Desktop/Semester4/CS232DLDCALab/lab5/q2/BoothMultiplier.vhd Line: 18
Info (10041): Inferred latch for "result[6]" at BoothMultiplier.vhd(18) File: /home/chetan/Desktop/Semester4/CS232DLDCALab/lab5/q2/BoothMultiplier.vhd Line: 18
Info (10041): Inferred latch for "result[7]" at BoothMultiplier.vhd(18) File: /home/chetan/Desktop/Semester4/CS232DLDCALab/lab5/q2/BoothMultiplier.vhd Line: 18
Info (21057): Implemented 64 device resources after synthesis - the final resource count might be different
    Info (21058): Implemented 10 input pins
    Info (21059): Implemented 8 output pins
    Info (21061): Implemented 46 logic cells
Info: Quartus Prime Analysis & Synthesis was successful. 0 errors, 18 warnings
    Info: Peak virtual memory: 399 megabytes
    Info: Processing ended: Sat Apr 16 01:31:18 2022
    Info: Elapsed time: 00:00:06
    Info: Total CPU time (on all processors): 00:00:16


